Removed Pin From Net: NetName=VCC Pin=P2-1
Removed Pin From Net: NetName=GND Pin=P2-2
Removed Pin From Net: NetName=SCL Pin=P2-3
Removed Pin From Net: NetName=SDA Pin=P2-4
Change Component Designator: OldDesignator=D? NewDesignator=D1
Change Component Designator: OldDesignator=D? NewDesignator=D2
Change Component Designator: OldDesignator=D? NewDesignator=D3
Change Component Designator: OldDesignator=D? NewDesignator=D4
Change Component Designator: OldDesignator=D? NewDesignator=D4
Added Pin To Net: NetName=GND Pin=D2-2
Added Pin To Net: NetName=GND Pin=D3-2
Added Pin To Net: NetName=GND Pin=D4-2
Added Pin To Net: NetName=GND Pin=D4-2
Added Pin To Net: NetName=VCC Pin=P2-1
Added Pin To Net: NetName=VEE Pin=P2-1
Added Pin To Net: NetName=GND Pin=P2-2
Added Pin To Net: NetName=VEE Pin=P2-2
Added Pin To Net: NetName=NetP2_3 Pin=P2-3
Added Pin To Net: NetName=SCL Pin=P2-3
Added Pin To Net: NetName=NetP2_4 Pin=P2-4
Added Pin To Net: NetName=SDA Pin=P2-4
Change Net Name : Old Net Name=NetD?_1 New Net Name=NetD1_1
Added Pin To Net: NetName=NetD2_1 Pin=D2-1
Added Pin To Net: NetName=NetD2_1 Pin=R5-2
Added Net: Name=NetD2_1
Added Pin To Net: NetName=NetD3_1 Pin=D3-1
Added Pin To Net: NetName=NetD3_1 Pin=R6-2
Added Net: Name=NetD3_1
Added Pin To Net: NetName=NetD4_1 Pin=D4-1
Added Pin To Net: NetName=NetD4_1 Pin=R8-2
Added Net: Name=NetD4_1
Added Member To Class: ClassName=ËÄÐýÒí·É¿Ø Member=Component D1 LED
Added Member To Class: ClassName=ËÄÐýÒí·É¿Ø Member=Component D2 LED
Added Member To Class: ClassName=ËÄÐýÒí·É¿Ø Member=Component D3 LED
