Removed Pin From Net: NetName=VEE Pin=C?-1
Removed Pin From Net: NetName=VEE Pin=C?-2
Removed Pin From Net: NetName=NetD?_1 Pin=D?-1
Removed Pin From Net: NetName=LED3 Pin=D?-2
Removed Pin From Net: NetName=VCC Pin=P2-1
Removed Pin From Net: NetName=GND Pin=P2-2
Removed Pin From Net: NetName=SCL Pin=P2-3
Removed Pin From Net: NetName=SDA Pin=P2-4
Removed Pin From Net: NetName=NetC?_2 Pin=R?-2
Added Pin To Net: NetName=GND Pin=C?-1
Added Pin To Net: NetName=GND Pin=C?-1
Added Pin To Net: NetName=GND Pin=C?-1
Added Pin To Net: NetName=GND Pin=C?-1
Added Pin To Net: NetName=GND Pin=C?-1
Added Pin To Net: NetName=GND Pin=C?-1
Added Pin To Net: NetName=GND Pin=C?-1
Added Pin To Net: NetName=GND Pin=C?-1
Added Pin To Net: NetName=GND Pin=C?-1
Added Pin To Net: NetName=GND Pin=C?-1
Added Pin To Net: NetName=GND Pin=C?-1
Added Pin To Net: NetName=VCC Pin=C?-1
Added Pin To Net: NetName=VEE Pin=C?-1
Added Pin To Net: NetName=VEE Pin=C?-1
Added Pin To Net: NetName=GND Pin=C?-2
Added Pin To Net: NetName=GND Pin=C?-2
Added Pin To Net: NetName=GND Pin=C?-2
Added Pin To Net: NetName=NetC?_2 Pin=C?-2
Added Pin To Net: NetName=VCC Pin=C?-2
Added Pin To Net: NetName=VEE Pin=C?-2
Added Pin To Net: NetName=VEE Pin=C?-2
Added Pin To Net: NetName=VEE Pin=C?-2
Added Pin To Net: NetName=VEE Pin=C?-2
Added Pin To Net: NetName=VEE Pin=C?-2
Added Pin To Net: NetName=VEE Pin=C?-2
Added Pin To Net: NetName=VEE Pin=C?-2
Added Pin To Net: NetName=VEE Pin=C?-2
Added Pin To Net: NetName=VEE Pin=C?-2
Added Pin To Net: NetName=NetD?_1 Pin=D?-1
Added Pin To Net: NetName=GND Pin=D?-2
Added Pin To Net: NetName=LED0 Pin=D?-2
Added Pin To Net: NetName=LED1 Pin=D?-2
Added Pin To Net: NetName=LED2 Pin=D?-2
Added Pin To Net: NetName=LED3 Pin=D?-2
Added Pin To Net: NetName=VCC Pin=P2-1
Added Pin To Net: NetName=VEE Pin=P2-1
Added Pin To Net: NetName=GND Pin=P2-2
Added Pin To Net: NetName=VEE Pin=P2-2
Added Pin To Net: NetName=NetP2_3 Pin=P2-3
Added Pin To Net: NetName=SCL Pin=P2-3
Added Pin To Net: NetName=NetP2_4 Pin=P2-4
Added Pin To Net: NetName=SDA Pin=P2-4
Added Pin To Net: NetName=VEE Pin=R?-1
Added Pin To Net: NetName=VEE Pin=R?-1
Added Pin To Net: NetName=VEE Pin=R?-1
Added Pin To Net: NetName=VEE Pin=R?-1
Added Pin To Net: NetName=VEE Pin=R?-1
Added Pin To Net: NetName=NetC?_2 Pin=R?-2
Added Pin To Net: NetName=NetD?_1 Pin=R?-2
